<?xml version="1.0" encoding="UTF-8"?>
<!-- Generated by org.testng.reporters.JUnitReportReporter -->
<testsuite skipped="0" hostname="PTWB-IT-REN-050" name="Basetest" tests="1" failures="0" timestamp="01 Sep 2020 00:15:41 GMT" time="18.746" errors="0">
  <testcase name="execute" time="18.746" classname="Basetest"/>
</testsuite> <!-- Basetest -->
