<?xml version="1.0" encoding="UTF-8"?>
<!-- Generated by org.testng.reporters.JUnitReportReporter -->
<testsuite skipped="0" hostname="PTWB-IT-REN-050" name="Basetest" tests="1" failures="0" timestamp="01 Sep 2020 00:53:26 GMT" time="24.370" errors="0">
  <testcase name="execute" time="24.370" classname="Basetest"/>
</testsuite> <!-- Basetest -->
